[2.231s] Invoking command in '/mnt/c/Users/colep/f24_robotics/webots_ros2_homework1_python': PYTHONPATH=/mnt/c/Users/colep/f24_robotics/webots_ros2_homework1_python/build/webots_ros2_homework1_python/prefix_override:/usr/lib/python3/dist-packages/colcon_core/task/python/colcon_distutils_commands:/mnt/c/Users/colep/f24_robotics/webots_ros2_homework1_python/install/webots_ros2_homework1_python/lib/python3.10/site-packages:${PYTHONPATH} /usr/bin/python3 -W ignore:setup.py install is deprecated setup.py egg_info --egg-base build/webots_ros2_homework1_python build --build-base /mnt/c/Users/colep/f24_robotics/webots_ros2_homework1_python/build/webots_ros2_homework1_python/build install --record /mnt/c/Users/colep/f24_robotics/webots_ros2_homework1_python/build/webots_ros2_homework1_python/install.log --single-version-externally-managed install_data
[3.203s] running egg_info
[3.210s] writing build/webots_ros2_homework1_python/webots_ros2_homework1_python.egg-info/PKG-INFO
[3.221s] writing dependency_links to build/webots_ros2_homework1_python/webots_ros2_homework1_python.egg-info/dependency_links.txt
[3.231s] writing entry points to build/webots_ros2_homework1_python/webots_ros2_homework1_python.egg-info/entry_points.txt
[3.242s] writing requirements to build/webots_ros2_homework1_python/webots_ros2_homework1_python.egg-info/requires.txt
[3.248s] writing top-level names to build/webots_ros2_homework1_python/webots_ros2_homework1_python.egg-info/top_level.txt
[3.308s] reading manifest file 'build/webots_ros2_homework1_python/webots_ros2_homework1_python.egg-info/SOURCES.txt'
[3.408s] writing manifest file 'build/webots_ros2_homework1_python/webots_ros2_homework1_python.egg-info/SOURCES.txt'
[3.412s] running build
[3.413s] running build_py
[3.445s] running install
[3.446s] running install_lib
[3.540s] running install_data
[3.600s] copying worlds/part1.wbt -> /mnt/c/Users/colep/f24_robotics/webots_ros2_homework1_python/install/webots_ros2_homework1_python/share/webots_ros2_homework1_python/worlds
[3.677s] running install_egg_info
[3.689s] removing '/mnt/c/Users/colep/f24_robotics/webots_ros2_homework1_python/install/webots_ros2_homework1_python/lib/python3.10/site-packages/webots_ros2_homework1_python-0.0.0-py3.10.egg-info' (and everything under it)
[3.764s] Copying build/webots_ros2_homework1_python/webots_ros2_homework1_python.egg-info to /mnt/c/Users/colep/f24_robotics/webots_ros2_homework1_python/install/webots_ros2_homework1_python/lib/python3.10/site-packages/webots_ros2_homework1_python-0.0.0-py3.10.egg-info
[4.070s] running install_scripts
[4.151s] Installing webots_ros2_homework1_python script to /mnt/c/Users/colep/f24_robotics/webots_ros2_homework1_python/install/webots_ros2_homework1_python/lib/webots_ros2_homework1_python
[4.168s] writing list of installed files to '/mnt/c/Users/colep/f24_robotics/webots_ros2_homework1_python/build/webots_ros2_homework1_python/install.log'
[4.194s] Invoked command in '/mnt/c/Users/colep/f24_robotics/webots_ros2_homework1_python' returned '0': PYTHONPATH=/mnt/c/Users/colep/f24_robotics/webots_ros2_homework1_python/build/webots_ros2_homework1_python/prefix_override:/usr/lib/python3/dist-packages/colcon_core/task/python/colcon_distutils_commands:/mnt/c/Users/colep/f24_robotics/webots_ros2_homework1_python/install/webots_ros2_homework1_python/lib/python3.10/site-packages:${PYTHONPATH} /usr/bin/python3 -W ignore:setup.py install is deprecated setup.py egg_info --egg-base build/webots_ros2_homework1_python build --build-base /mnt/c/Users/colep/f24_robotics/webots_ros2_homework1_python/build/webots_ros2_homework1_python/build install --record /mnt/c/Users/colep/f24_robotics/webots_ros2_homework1_python/build/webots_ros2_homework1_python/install.log --single-version-externally-managed install_data
