[4.029s] Invoking command in '/mnt/c/Users/colep/f24_robotics/webots_ros2_homework1_python': PYTHONPATH=/mnt/c/Users/colep/f24_robotics/webots_ros2_homework1_python/build/webots_ros2_homework1_python/prefix_override:/usr/lib/python3/dist-packages/colcon_core/task/python/colcon_distutils_commands:/mnt/c/Users/colep/f24_robotics/webots_ros2_homework1_python/install/webots_ros2_homework1_python/lib/python3.10/site-packages:${PYTHONPATH} /usr/bin/python3 -W ignore:setup.py install is deprecated setup.py egg_info --egg-base build/webots_ros2_homework1_python build --build-base /mnt/c/Users/colep/f24_robotics/webots_ros2_homework1_python/build/webots_ros2_homework1_python/build install --record /mnt/c/Users/colep/f24_robotics/webots_ros2_homework1_python/build/webots_ros2_homework1_python/install.log --single-version-externally-managed install_data
[5.786s] running egg_info
[5.802s] writing build/webots_ros2_homework1_python/webots_ros2_homework1_python.egg-info/PKG-INFO
[5.831s] writing dependency_links to build/webots_ros2_homework1_python/webots_ros2_homework1_python.egg-info/dependency_links.txt
[5.853s] writing entry points to build/webots_ros2_homework1_python/webots_ros2_homework1_python.egg-info/entry_points.txt
[5.869s] writing requirements to build/webots_ros2_homework1_python/webots_ros2_homework1_python.egg-info/requires.txt
[5.882s] writing top-level names to build/webots_ros2_homework1_python/webots_ros2_homework1_python.egg-info/top_level.txt
[6.039s] reading manifest file 'build/webots_ros2_homework1_python/webots_ros2_homework1_python.egg-info/SOURCES.txt'
[6.300s] writing manifest file 'build/webots_ros2_homework1_python/webots_ros2_homework1_python.egg-info/SOURCES.txt'
[6.312s] running build
[6.315s] running build_py
[6.408s] running install
[6.410s] running install_lib
[6.680s] running install_data
[6.933s] running install_egg_info
[6.968s] removing '/mnt/c/Users/colep/f24_robotics/webots_ros2_homework1_python/install/webots_ros2_homework1_python/lib/python3.10/site-packages/webots_ros2_homework1_python-0.0.0-py3.10.egg-info' (and everything under it)
[7.158s] Copying build/webots_ros2_homework1_python/webots_ros2_homework1_python.egg-info to /mnt/c/Users/colep/f24_robotics/webots_ros2_homework1_python/install/webots_ros2_homework1_python/lib/python3.10/site-packages/webots_ros2_homework1_python-0.0.0-py3.10.egg-info
[7.959s] running install_scripts
[8.126s] Installing webots_ros2_homework1_python script to /mnt/c/Users/colep/f24_robotics/webots_ros2_homework1_python/install/webots_ros2_homework1_python/lib/webots_ros2_homework1_python
[8.166s] writing list of installed files to '/mnt/c/Users/colep/f24_robotics/webots_ros2_homework1_python/build/webots_ros2_homework1_python/install.log'
[8.233s] Invoked command in '/mnt/c/Users/colep/f24_robotics/webots_ros2_homework1_python' returned '0': PYTHONPATH=/mnt/c/Users/colep/f24_robotics/webots_ros2_homework1_python/build/webots_ros2_homework1_python/prefix_override:/usr/lib/python3/dist-packages/colcon_core/task/python/colcon_distutils_commands:/mnt/c/Users/colep/f24_robotics/webots_ros2_homework1_python/install/webots_ros2_homework1_python/lib/python3.10/site-packages:${PYTHONPATH} /usr/bin/python3 -W ignore:setup.py install is deprecated setup.py egg_info --egg-base build/webots_ros2_homework1_python build --build-base /mnt/c/Users/colep/f24_robotics/webots_ros2_homework1_python/build/webots_ros2_homework1_python/build install --record /mnt/c/Users/colep/f24_robotics/webots_ros2_homework1_python/build/webots_ros2_homework1_python/install.log --single-version-externally-managed install_data
