[0.254s] DEBUG:colcon:Command line arguments: ['/usr/bin/colcon', 'build']
[0.255s] DEBUG:colcon:Parsed command line arguments: Namespace(log_base=None, log_level=None, verb_name='build', build_base='build', install_base='install', merge_install=False, symlink_install=False, test_result_base=None, continue_on_error=False, executor='parallel', parallel_workers=8, event_handlers=None, ignore_user_meta=False, metas=['./colcon.meta'], base_paths=['.'], packages_ignore=None, packages_ignore_regex=None, paths=None, packages_up_to=None, packages_up_to_regex=None, packages_above=None, packages_above_and_dependencies=None, packages_above_depth=None, packages_select_by_dep=None, packages_skip_by_dep=None, packages_skip_up_to=None, packages_select_build_failed=False, packages_skip_build_finished=False, packages_select_test_failures=False, packages_skip_test_passed=False, packages_select=None, packages_skip=None, packages_select_regex=None, packages_skip_regex=None, packages_start=None, packages_end=None, allow_overriding=[], cmake_args=None, cmake_target=None, cmake_target_skip_unavailable=False, cmake_clean_cache=False, cmake_clean_first=False, cmake_force_configure=False, ament_cmake_args=None, catkin_cmake_args=None, catkin_skip_building_tests=False, mixin_files=None, mixin=None, verb_parser=<colcon_mixin.mixin.mixin_argument.MixinArgumentDecorator object at 0x7ff4e1449ea0>, verb_extension=<colcon_core.verb.build.BuildVerb object at 0x7ff4e17027d0>, main=<bound method BuildVerb.main of <colcon_core.verb.build.BuildVerb object at 0x7ff4e17027d0>>, mixin_verb=('build',))
[0.406s] Level 1:colcon.colcon_core.package_discovery:discover_packages(colcon_meta) check parameters
[0.406s] Level 1:colcon.colcon_core.package_discovery:discover_packages(recursive) check parameters
[0.407s] Level 1:colcon.colcon_core.package_discovery:discover_packages(ignore) check parameters
[0.407s] Level 1:colcon.colcon_core.package_discovery:discover_packages(path) check parameters
[0.408s] Level 1:colcon.colcon_core.package_discovery:discover_packages(colcon_meta) discover
[0.408s] Level 1:colcon.colcon_core.package_discovery:discover_packages(recursive) discover
[0.409s] INFO:colcon.colcon_core.package_discovery:Crawling recursively for packages in '/mnt/c/Users/colep/f24_robotics/webots_ros2_homework1_python'
[0.413s] Level 1:colcon.colcon_core.package_identification:_identify(.) by extensions ['ignore', 'ignore_ament_install']
[0.413s] Level 1:colcon.colcon_core.package_identification:_identify(.) by extension 'ignore'
[0.414s] Level 1:colcon.colcon_core.package_identification:_identify(.) by extension 'ignore_ament_install'
[0.415s] Level 1:colcon.colcon_core.package_identification:_identify(.) by extensions ['colcon_pkg']
[0.415s] Level 1:colcon.colcon_core.package_identification:_identify(.) by extension 'colcon_pkg'
[0.416s] Level 1:colcon.colcon_core.package_identification:_identify(.) by extensions ['colcon_meta']
[0.416s] Level 1:colcon.colcon_core.package_identification:_identify(.) by extension 'colcon_meta'
[0.417s] Level 1:colcon.colcon_core.package_identification:_identify(.) by extensions ['ros']
[0.417s] Level 1:colcon.colcon_core.package_identification:_identify(.) by extension 'ros'
[0.448s] DEBUG:colcon.colcon_core.package_identification:Package '.' with type 'ros.ament_python' and name 'webots_ros2_homework1_python'
[0.448s] Level 1:colcon.colcon_core.package_discovery:discover_packages(recursive) using defaults
[0.449s] Level 1:colcon.colcon_core.package_discovery:discover_packages(ignore) discover
[0.449s] Level 1:colcon.colcon_core.package_discovery:discover_packages(ignore) using defaults
[0.449s] Level 1:colcon.colcon_core.package_discovery:discover_packages(path) discover
[0.450s] Level 1:colcon.colcon_core.package_discovery:discover_packages(path) using defaults
[0.477s] Level 1:colcon.colcon_core.package_discovery:discover_packages(prefix_path) check parameters
[0.477s] Level 1:colcon.colcon_core.package_discovery:discover_packages(prefix_path) discover
[0.479s] DEBUG:colcon.colcon_installed_package_information.package_discovery:Found 1 installed packages in /home/colepetit/ros2_ws/src/project_p1/install
[0.480s] DEBUG:colcon.colcon_installed_package_information.package_discovery:Found 1 installed packages in /home/colepetit/ros2_ws/install
[0.481s] DEBUG:colcon.colcon_installed_package_information.package_discovery:Found 301 installed packages in /opt/ros/humble
[0.483s] Level 1:colcon.colcon_core.package_discovery:discover_packages(prefix_path) using defaults
[0.532s] Level 5:colcon.colcon_core.verb:set package 'webots_ros2_homework1_python' build argument 'cmake_args' from command line to 'None'
[0.533s] Level 5:colcon.colcon_core.verb:set package 'webots_ros2_homework1_python' build argument 'cmake_target' from command line to 'None'
[0.533s] Level 5:colcon.colcon_core.verb:set package 'webots_ros2_homework1_python' build argument 'cmake_target_skip_unavailable' from command line to 'False'
[0.534s] Level 5:colcon.colcon_core.verb:set package 'webots_ros2_homework1_python' build argument 'cmake_clean_cache' from command line to 'False'
[0.534s] Level 5:colcon.colcon_core.verb:set package 'webots_ros2_homework1_python' build argument 'cmake_clean_first' from command line to 'False'
[0.534s] Level 5:colcon.colcon_core.verb:set package 'webots_ros2_homework1_python' build argument 'cmake_force_configure' from command line to 'False'
[0.535s] Level 5:colcon.colcon_core.verb:set package 'webots_ros2_homework1_python' build argument 'ament_cmake_args' from command line to 'None'
[0.535s] Level 5:colcon.colcon_core.verb:set package 'webots_ros2_homework1_python' build argument 'catkin_cmake_args' from command line to 'None'
[0.536s] Level 5:colcon.colcon_core.verb:set package 'webots_ros2_homework1_python' build argument 'catkin_skip_building_tests' from command line to 'False'
[0.536s] DEBUG:colcon.colcon_core.verb:Building package 'webots_ros2_homework1_python' with the following arguments: {'ament_cmake_args': None, 'build_base': '/mnt/c/Users/colep/f24_robotics/webots_ros2_homework1_python/build/webots_ros2_homework1_python', 'catkin_cmake_args': None, 'catkin_skip_building_tests': False, 'cmake_args': None, 'cmake_clean_cache': False, 'cmake_clean_first': False, 'cmake_force_configure': False, 'cmake_target': None, 'cmake_target_skip_unavailable': False, 'install_base': '/mnt/c/Users/colep/f24_robotics/webots_ros2_homework1_python/install/webots_ros2_homework1_python', 'merge_install': False, 'path': '/mnt/c/Users/colep/f24_robotics/webots_ros2_homework1_python', 'symlink_install': False, 'test_result_base': None}
[0.536s] INFO:colcon.colcon_core.executor:Executing jobs using 'parallel' executor
[0.538s] DEBUG:colcon.colcon_parallel_executor.executor.parallel:run_until_complete
[0.538s] INFO:colcon.colcon_ros.task.ament_python.build:Building ROS package in '/mnt/c/Users/colep/f24_robotics/webots_ros2_homework1_python' with build type 'ament_python'
[0.539s] Level 1:colcon.colcon_core.shell:create_environment_hook('webots_ros2_homework1_python', 'ament_prefix_path')
[0.542s] INFO:colcon.colcon_core.plugin_system:Skipping extension 'colcon_core.shell.bat': Not used on non-Windows systems
[0.543s] INFO:colcon.colcon_core.shell:Creating environment hook '/mnt/c/Users/colep/f24_robotics/webots_ros2_homework1_python/install/webots_ros2_homework1_python/share/webots_ros2_homework1_python/hook/ament_prefix_path.ps1'
[0.579s] INFO:colcon.colcon_core.shell:Creating environment descriptor '/mnt/c/Users/colep/f24_robotics/webots_ros2_homework1_python/install/webots_ros2_homework1_python/share/webots_ros2_homework1_python/hook/ament_prefix_path.dsv'
[0.600s] INFO:colcon.colcon_core.shell:Creating environment hook '/mnt/c/Users/colep/f24_robotics/webots_ros2_homework1_python/install/webots_ros2_homework1_python/share/webots_ros2_homework1_python/hook/ament_prefix_path.sh'
[0.619s] INFO:colcon.colcon_core.shell:Skip shell extension 'powershell' for command environment: Not usable outside of PowerShell
[0.619s] DEBUG:colcon.colcon_core.shell:Skip shell extension 'dsv' for command environment
[1.020s] INFO:colcon.colcon_core.task.python.build:Building Python package in '/mnt/c/Users/colep/f24_robotics/webots_ros2_homework1_python'
[1.021s] INFO:colcon.colcon_core.shell:Skip shell extension 'powershell' for command environment: Not usable outside of PowerShell
[1.021s] DEBUG:colcon.colcon_core.shell:Skip shell extension 'dsv' for command environment
[2.376s] DEBUG:colcon.colcon_core.event_handler.log_command:Invoking command in '/mnt/c/Users/colep/f24_robotics/webots_ros2_homework1_python': PYTHONPATH=/mnt/c/Users/colep/f24_robotics/webots_ros2_homework1_python/build/webots_ros2_homework1_python/prefix_override:/usr/lib/python3/dist-packages/colcon_core/task/python/colcon_distutils_commands:/mnt/c/Users/colep/f24_robotics/webots_ros2_homework1_python/install/webots_ros2_homework1_python/lib/python3.10/site-packages:${PYTHONPATH} /usr/bin/python3 -W ignore:setup.py install is deprecated setup.py egg_info --egg-base build/webots_ros2_homework1_python build --build-base /mnt/c/Users/colep/f24_robotics/webots_ros2_homework1_python/build/webots_ros2_homework1_python/build install --record /mnt/c/Users/colep/f24_robotics/webots_ros2_homework1_python/build/webots_ros2_homework1_python/install.log --single-version-externally-managed install_data
[4.558s] DEBUG:colcon.colcon_core.event_handler.log_command:Invoked command in '/mnt/c/Users/colep/f24_robotics/webots_ros2_homework1_python' returned '0': PYTHONPATH=/mnt/c/Users/colep/f24_robotics/webots_ros2_homework1_python/build/webots_ros2_homework1_python/prefix_override:/usr/lib/python3/dist-packages/colcon_core/task/python/colcon_distutils_commands:/mnt/c/Users/colep/f24_robotics/webots_ros2_homework1_python/install/webots_ros2_homework1_python/lib/python3.10/site-packages:${PYTHONPATH} /usr/bin/python3 -W ignore:setup.py install is deprecated setup.py egg_info --egg-base build/webots_ros2_homework1_python build --build-base /mnt/c/Users/colep/f24_robotics/webots_ros2_homework1_python/build/webots_ros2_homework1_python/build install --record /mnt/c/Users/colep/f24_robotics/webots_ros2_homework1_python/build/webots_ros2_homework1_python/install.log --single-version-externally-managed install_data
[4.560s] Level 1:colcon.colcon_core.environment:checking '/mnt/c/Users/colep/f24_robotics/webots_ros2_homework1_python/install/webots_ros2_homework1_python' for CMake module files
[4.613s] Level 1:colcon.colcon_core.environment:checking '/mnt/c/Users/colep/f24_robotics/webots_ros2_homework1_python/install/webots_ros2_homework1_python' for CMake config files
[4.724s] Level 1:colcon.colcon_core.environment:checking '/mnt/c/Users/colep/f24_robotics/webots_ros2_homework1_python/install/webots_ros2_homework1_python/lib'
[4.729s] Level 1:colcon.colcon_core.environment:checking '/mnt/c/Users/colep/f24_robotics/webots_ros2_homework1_python/install/webots_ros2_homework1_python/bin'
[4.730s] Level 1:colcon.colcon_core.environment:checking '/mnt/c/Users/colep/f24_robotics/webots_ros2_homework1_python/install/webots_ros2_homework1_python/lib/pkgconfig/webots_ros2_homework1_python.pc'
[4.732s] Level 1:colcon.colcon_core.environment:checking '/mnt/c/Users/colep/f24_robotics/webots_ros2_homework1_python/install/webots_ros2_homework1_python/lib/python3.10/site-packages'
[4.736s] Level 1:colcon.colcon_core.shell:create_environment_hook('webots_ros2_homework1_python', 'pythonpath')
[4.736s] INFO:colcon.colcon_core.shell:Creating environment hook '/mnt/c/Users/colep/f24_robotics/webots_ros2_homework1_python/install/webots_ros2_homework1_python/share/webots_ros2_homework1_python/hook/pythonpath.ps1'
[4.751s] INFO:colcon.colcon_core.shell:Creating environment descriptor '/mnt/c/Users/colep/f24_robotics/webots_ros2_homework1_python/install/webots_ros2_homework1_python/share/webots_ros2_homework1_python/hook/pythonpath.dsv'
[4.766s] INFO:colcon.colcon_core.shell:Creating environment hook '/mnt/c/Users/colep/f24_robotics/webots_ros2_homework1_python/install/webots_ros2_homework1_python/share/webots_ros2_homework1_python/hook/pythonpath.sh'
[4.785s] Level 1:colcon.colcon_core.environment:checking '/mnt/c/Users/colep/f24_robotics/webots_ros2_homework1_python/install/webots_ros2_homework1_python/bin'
[4.786s] Level 1:colcon.colcon_core.environment:create_environment_scripts_only(webots_ros2_homework1_python)
[4.787s] INFO:colcon.colcon_core.shell:Creating package script '/mnt/c/Users/colep/f24_robotics/webots_ros2_homework1_python/install/webots_ros2_homework1_python/share/webots_ros2_homework1_python/package.ps1'
[4.803s] INFO:colcon.colcon_core.shell:Creating package descriptor '/mnt/c/Users/colep/f24_robotics/webots_ros2_homework1_python/install/webots_ros2_homework1_python/share/webots_ros2_homework1_python/package.dsv'
[4.818s] INFO:colcon.colcon_core.shell:Creating package script '/mnt/c/Users/colep/f24_robotics/webots_ros2_homework1_python/install/webots_ros2_homework1_python/share/webots_ros2_homework1_python/package.sh'
[4.836s] INFO:colcon.colcon_core.shell:Creating package script '/mnt/c/Users/colep/f24_robotics/webots_ros2_homework1_python/install/webots_ros2_homework1_python/share/webots_ros2_homework1_python/package.bash'
[4.854s] INFO:colcon.colcon_core.shell:Creating package script '/mnt/c/Users/colep/f24_robotics/webots_ros2_homework1_python/install/webots_ros2_homework1_python/share/webots_ros2_homework1_python/package.zsh'
[4.876s] Level 1:colcon.colcon_core.environment:create_file_with_runtime_dependencies(/mnt/c/Users/colep/f24_robotics/webots_ros2_homework1_python/install/webots_ros2_homework1_python/share/colcon-core/packages/webots_ros2_homework1_python)
[4.890s] DEBUG:colcon.colcon_parallel_executor.executor.parallel:closing loop
[4.891s] DEBUG:colcon.colcon_parallel_executor.executor.parallel:loop closed
[4.892s] DEBUG:colcon.colcon_parallel_executor.executor.parallel:run_until_complete finished with '0'
[4.892s] DEBUG:colcon.colcon_core.event_reactor:joining thread
[5.017s] INFO:colcon.colcon_core.plugin_system:Skipping extension 'colcon_notification.desktop_notification.notify_send': Could not find 'notify-send'
[5.017s] INFO:colcon.colcon_core.plugin_system:Skipping extension 'colcon_notification.desktop_notification.terminal_notifier': Not used on non-Darwin systems
[5.017s] INFO:colcon.colcon_core.plugin_system:Skipping extension 'colcon_notification.desktop_notification.win32': Not used on non-Windows systems
[5.017s] INFO:colcon.colcon_notification.desktop_notification:Sending desktop notification using 'notify2'
[5.018s] DEBUG:colcon.colcon_notification.desktop_notification.notify2:Failed to initialize notify2: org.freedesktop.DBus.Error.FileNotFound: Failed to connect to socket /run/user/1000/bus: No such file or directory
[5.018s] DEBUG:colcon.colcon_core.event_reactor:joined thread
[5.019s] INFO:colcon.colcon_core.shell:Creating prefix script '/mnt/c/Users/colep/f24_robotics/webots_ros2_homework1_python/install/local_setup.ps1'
[5.026s] INFO:colcon.colcon_core.shell:Creating prefix util module '/mnt/c/Users/colep/f24_robotics/webots_ros2_homework1_python/install/_local_setup_util_ps1.py'
[5.036s] INFO:colcon.colcon_core.shell:Creating prefix chain script '/mnt/c/Users/colep/f24_robotics/webots_ros2_homework1_python/install/setup.ps1'
[5.045s] INFO:colcon.colcon_core.shell:Creating prefix script '/mnt/c/Users/colep/f24_robotics/webots_ros2_homework1_python/install/local_setup.sh'
[5.054s] INFO:colcon.colcon_core.shell:Creating prefix util module '/mnt/c/Users/colep/f24_robotics/webots_ros2_homework1_python/install/_local_setup_util_sh.py'
[5.064s] INFO:colcon.colcon_core.shell:Creating prefix chain script '/mnt/c/Users/colep/f24_robotics/webots_ros2_homework1_python/install/setup.sh'
[5.076s] INFO:colcon.colcon_core.shell:Creating prefix script '/mnt/c/Users/colep/f24_robotics/webots_ros2_homework1_python/install/local_setup.bash'
[5.086s] INFO:colcon.colcon_core.shell:Creating prefix chain script '/mnt/c/Users/colep/f24_robotics/webots_ros2_homework1_python/install/setup.bash'
[5.096s] INFO:colcon.colcon_core.shell:Creating prefix script '/mnt/c/Users/colep/f24_robotics/webots_ros2_homework1_python/install/local_setup.zsh'
[5.106s] INFO:colcon.colcon_core.shell:Creating prefix chain script '/mnt/c/Users/colep/f24_robotics/webots_ros2_homework1_python/install/setup.zsh'
